<?xml version="1.0" encoding="UTF-8"?>
<!-- Generated by org.testng.reporters.JUnitReportReporter -->
<testsuite skipped="0" hostname="DESKTOP-D15HVD9" name="seleniumgrid.SeleniumGrid" tests="1" failures="0" timestamp="2020-03-29T15:37:51 IST" time="40.476" errors="0">
  <testcase name="seleniumgrid" time="40.476" classname="seleniumgrid.SeleniumGrid"/>
  <system-out/>
</testsuite> <!-- seleniumgrid.SeleniumGrid -->
